# JRE version: OpenJDK Runtime Environment (8.0_76-b03) (build 1.8.0_76-release-b03)
# Java VM: OpenJDK 64-Bit Server VM (25.76-b03 mixed mode windows-amd64 compressed oops)
Heap:
 PSYoungGen      total 324608K, used 269945K [0x00000000e0000000, 0x00000000f8480000, 0x0000000100000000)
  eden space 278016K, 97% used [0x00000000e0000000,0x00000000f079e688,0x00000000f0f80000)
  from space 46592K, 0% used [0x00000000f0f80000,0x00000000f0f80000,0x00000000f3d00000)
  to   space 46592K, 0% used [0x00000000f5700000,0x00000000f5700000,0x00000000f8480000)
 ParOldGen       total 94720K, used 31910K [0x00000000a0000000, 0x00000000a5c80000, 0x00000000e0000000)
  object space 94720K, 33% used [0x00000000a0000000,0x00000000a1f29b68,0x00000000a5c80000)
 Metaspace       used 71327K, capacity 73778K, committed 75440K, reserved 1114112K
  class space    used 8894K, capacity 9291K, committed 9904K, reserved 1048576K
GC Heap History (10 events):
Event: 9501.724 GC heap before
{Heap before GC invocations=40 (full 8):
 PSYoungGen      total 305152K, used 298999K [0x00000000e0000000, 0x00000000f7b00000, 0x0000000100000000)
  eden space 299008K, 99% used [0x00000000e0000000,0x00000000f23fdc10,0x00000000f2400000)
  from space 6144K, 0% used [0x00000000f2400000,0x00000000f2400000,0x00000000f2a00000)
  to   space 44544K, 0% used [0x00000000f4f80000,0x00000000f4f80000,0x00000000f7b00000)
 ParOldGen       total 94720K, used 43083K [0x00000000a0000000, 0x00000000a5c80000, 0x00000000e0000000)
  object space 94720K, 45% used [0x00000000a0000000,0x00000000a2a12c60,0x00000000a5c80000)
 Metaspace       used 71058K, capacity 73642K, committed 75184K, reserved 1114112K
  class space    used 8897K, capacity 9279K, committed 9904K, reserved 1048576K
Event: 9501.785 GC heap after
Heap after GC invocations=40 (full 8):
 PSYoungGen      total 318976K, used 6560K [0x00000000e0000000, 0x00000000f6e80000, 0x0000000100000000)
  eden space 287232K, 0% used [0x00000000e0000000,0x00000000e0000000,0x00000000f1880000)
  from space 31744K, 20% used [0x00000000f4f80000,0x00000000f55e8050,0x00000000f6e80000)
  to   space 44032K, 0% used [0x00000000f1880000,0x00000000f1880000,0x00000000f4380000)
 ParOldGen       total 94720K, used 43091K [0x00000000a0000000, 0x00000000a5c80000, 0x00000000e0000000)
  object space 94720K, 45% used [0x00000000a0000000,0x00000000a2a14c60,0x00000000a5c80000)
 Metaspace       used 71058K, capacity 73642K, committed 75184K, reserved 1114112K
  class space    used 8897K, capacity 9279K, committed 9904K, reserved 1048576K
}
Event: 9508.084 GC heap before
{Heap before GC invocations=41 (full 8):
 PSYoungGen      total 318976K, used 293792K [0x00000000e0000000, 0x00000000f6e80000, 0x0000000100000000)
  eden space 287232K, 100% used [0x00000000e0000000,0x00000000f1880000,0x00000000f1880000)
  from space 31744K, 20% used [0x00000000f4f80000,0x00000000f55e8050,0x00000000f6e80000)
  to   space 44032K, 0% used [0x00000000f1880000,0x00000000f1880000,0x00000000f4380000)
 ParOldGen       total 94720K, used 43091K [0x00000000a0000000, 0x00000000a5c80000, 0x00000000e0000000)
  object space 94720K, 45% used [0x00000000a0000000,0x00000000a2a14c60,0x00000000a5c80000)
 Metaspace       used 71225K, capacity 73802K, committed 75440K, reserved 1114112K
  class space    used 8898K, capacity 9311K, committed 9904K, reserved 1048576K
Event: 9508.157 GC heap after
Heap after GC invocations=41 (full 8):
 PSYoungGen      total 312320K, used 35936K [0x00000000e0000000, 0x00000000f6c80000, 0x0000000100000000)
  eden space 275968K, 0% used [0x00000000e0000000,0x00000000e0000000,0x00000000f0d80000)
  from space 36352K, 98% used [0x00000000f1880000,0x00000000f3b98220,0x00000000f3c00000)
  to   space 48640K, 0% used [0x00000000f3d00000,0x00000000f3d00000,0x00000000f6c80000)
 ParOldGen       total 94720K, used 43099K [0x00000000a0000000, 0x00000000a5c80000, 0x00000000e0000000)
  object space 94720K, 45% used [0x00000000a0000000,0x00000000a2a16c60,0x00000000a5c80000)
 Metaspace       used 71225K, capacity 73802K, committed 75440K, reserved 1114112K
  class space    used 8898K, capacity 9311K, committed 9904K, reserved 1048576K
}
Event: 9509.544 GC heap before
{Heap before GC invocations=42 (full 8):
 PSYoungGen      total 312320K, used 311217K [0x00000000e0000000, 0x00000000f6c80000, 0x0000000100000000)
  eden space 275968K, 99% used [0x00000000e0000000,0x00000000f0cd44c8,0x00000000f0d80000)
  from space 36352K, 98% used [0x00000000f1880000,0x00000000f3b98220,0x00000000f3c00000)
  to   space 48640K, 0% used [0x00000000f3d00000,0x00000000f3d00000,0x00000000f6c80000)
 ParOldGen       total 94720K, used 43099K [0x00000000a0000000, 0x00000000a5c80000, 0x00000000e0000000)
  object space 94720K, 45% used [0x00000000a0000000,0x00000000a2a16c60,0x00000000a5c80000)
 Metaspace       used 71305K, capacity 73908K, committed 75440K, reserved 1114112K
  class space    used 8902K, capacity 9318K, committed 9904K, reserved 1048576K
Event: 9509.590 GC heap after
Heap after GC invocations=42 (full 8):
 PSYoungGen      total 326656K, used 12958K [0x00000000e0000000, 0x00000000f8480000, 0x0000000100000000)
  eden space 278016K, 0% used [0x00000000e0000000,0x00000000e0000000,0x00000000f0f80000)
  from space 48640K, 26% used [0x00000000f3d00000,0x00000000f49a7840,0x00000000f6c80000)
  to   space 46592K, 0% used [0x00000000f0f80000,0x00000000f0f80000,0x00000000f3d00000)
 ParOldGen       total 94720K, used 43107K [0x00000000a0000000, 0x00000000a5c80000, 0x00000000e0000000)
  object space 94720K, 45% used [0x00000000a0000000,0x00000000a2a18c60,0x00000000a5c80000)
 Metaspace       used 71305K, capacity 73908K, committed 75440K, reserved 1114112K
  class space    used 8902K, capacity 9318K, committed 9904K, reserved 1048576K
}
Event: 9509.966 GC heap before
{Heap before GC invocations=43 (full 8):
 PSYoungGen      total 326656K, used 23296K [0x00000000e0000000, 0x00000000f8480000, 0x0000000100000000)
  eden space 278016K, 3% used [0x00000000e0000000,0x00000000e0a18990,0x00000000f0f80000)
  from space 48640K, 26% used [0x00000000f3d00000,0x00000000f49a7840,0x00000000f6c80000)
  to   space 46592K, 0% used [0x00000000f0f80000,0x00000000f0f80000,0x00000000f3d00000)
 ParOldGen       total 94720K, used 43107K [0x00000000a0000000, 0x00000000a5c80000, 0x00000000e0000000)
  object space 94720K, 45% used [0x00000000a0000000,0x00000000a2a18c60,0x00000000a5c80000)
 Metaspace       used 71306K, capacity 73908K, committed 75440K, reserved 1114112K
  class space    used 8902K, capacity 9318K, committed 9904K, reserved 1048576K
Event: 9509.969 GC heap after
Heap after GC invocations=43 (full 8):
 PSYoungGen      total 324608K, used 896K [0x00000000e0000000, 0x00000000f8480000, 0x0000000100000000)
  eden space 278016K, 0% used [0x00000000e0000000,0x00000000e0000000,0x00000000f0f80000)
  from space 46592K, 1% used [0x00000000f0f80000,0x00000000f1060020,0x00000000f3d00000)
  to   space 46592K, 0% used [0x00000000f5700000,0x00000000f5700000,0x00000000f8480000)
 ParOldGen       total 94720K, used 43115K [0x00000000a0000000, 0x00000000a5c80000, 0x00000000e0000000)
  object space 94720K, 45% used [0x00000000a0000000,0x00000000a2a1ac60,0x00000000a5c80000)
 Metaspace       used 71306K, capacity 73908K, committed 75440K, reserved 1114112K
  class space    used 8902K, capacity 9318K, committed 9904K, reserved 1048576K
}
Event: 9509.969 GC heap before
{Heap before GC invocations=44 (full 9):
 PSYoungGen      total 324608K, used 896K [0x00000000e0000000, 0x00000000f8480000, 0x0000000100000000)
  eden space 278016K, 0% used [0x00000000e0000000,0x00000000e0000000,0x00000000f0f80000)
  from space 46592K, 1% used [0x00000000f0f80000,0x00000000f1060020,0x00000000f3d00000)
  to   space 46592K, 0% used [0x00000000f5700000,0x00000000f5700000,0x00000000f8480000)
 ParOldGen       total 94720K, used 43115K [0x00000000a0000000, 0x00000000a5c80000, 0x00000000e0000000)
  object space 94720K, 45% used [0x00000000a0000000,0x00000000a2a1ac60,0x00000000a5c80000)
 Metaspace       used 71306K, capacity 73908K, committed 75440K, reserved 1114112K
  class space    used 8902K, capacity 9318K, committed 9904K, reserved 1048576K
Event: 9510.398 GC heap after
Heap after GC invocations=44 (full 9):
 PSYoungGen      total 324608K, used 0K [0x00000000e0000000, 0x00000000f8480000, 0x0000000100000000)
  eden space 278016K, 0% used [0x00000000e0000000,0x00000000e0000000,0x00000000f0f80000)
  from space 46592K, 0% used [0x00000000f0f80000,0x00000000f0f80000,0x00000000f3d00000)
  to   space 46592K, 0% used [0x00000000f5700000,0x00000000f5700000,0x00000000f8480000)
 ParOldGen       total 94720K, used 31910K [0x00000000a0000000, 0x00000000a5c80000, 0x00000000e0000000)
  object space 94720K, 33% used [0x00000000a0000000,0x00000000a1f29b68,0x00000000a5c80000)
 Metaspace       used 70942K, capacity 73222K, committed 75440K, reserved 1114112K
  class space    used 8819K, capacity 9178K, committed 9904K, reserved 1048576K
}

